<?xml version="1.0" encoding="UTF-8"?>
<testsuite xmlns:xsi="http://www.w3.org/2001/XMLSchema-instance" xsi:noNamespaceSchemaLocation="https://maven.apache.org/surefire/maven-surefire-plugin/xsd/surefire-test-report.xsd" version="3.0.1" name="es.uva.hilos.TextVowelCounterTest" time="0.095" tests="4" errors="0" skipped="0" failures="0">
  <properties>
[...]
</properties>
  <testcase name="tooManyWorkers" classname="es.uva.hilos.TextVowelCounterTest" time="0.043">
    <system-out><![CDATA[0 -----------------------
1 -----------------------
2 -----------------------
3 -----------------------
4 -----------------------
5 -----------------------
6 -----------------------
7 -----------------------
8 -----------------------
9 -----------------------
Hay 3 vocales en: Asterisk
]]></system-out>
  </testcase>
  <testcase name="manyCase" classname="es.uva.hilos.TextVowelCounterTest" time="0.007">
    <system-out><![CDATA[0 -----------------------
1 -----------------------
2 -----------------------
Hay 5 vocales en: Asterisk Test 123 Cow
]]></system-out>
  </testcase>
  <testcase name="emptyTestCase" classname="es.uva.hilos.TextVowelCounterTest" time="0.004">
    <system-out><![CDATA[0 -----------------------
Hay 0 vocales en: 
]]></system-out>
  </testcase>
  <testcase name="oneWordCase" classname="es.uva.hilos.TextVowelCounterTest" time="0.004">
    <system-out><![CDATA[0 -----------------------
Hay 3 vocales en: Asterisk
]]></system-out>
  </testcase>
</testsuite>